<?xml version="1.0" encoding="UTF-8"?>
<testng-results ignored="0" total="1" passed="1" failed="0" skipped="0">
  <reporter-output>
  </reporter-output>
  <suite started-at="2026-02-04T08:09:36 IST" name="Default suite" finished-at="2026-02-04T08:09:42 IST" duration-ms="5597">
    <groups>
    </groups>
    <test started-at="2026-02-04T08:09:36 IST" name="Default test" finished-at="2026-02-04T08:09:42 IST" duration-ms="5597">
      <class name="testscripts.LoginTest">
        <test-method is-config="true" signature="initialiseBrowser()[pri:0, instance:testscripts.LoginTest@459e9125]" started-at="2026-02-04T08:09:37 IST" name="initialiseBrowser" finished-at="2026-02-04T08:09:41 IST" duration-ms="4119" status="PASS">
          <reporter-output>
          </reporter-output>
        </test-method> <!-- initialiseBrowser -->
        <test-method signature="verifyUserLoginWithValidUsernameAndInvalidPassword()[pri:0, instance:testscripts.LoginTest@459e9125]" started-at="2026-02-04T08:09:41 IST" name="verifyUserLoginWithValidUsernameAndInvalidPassword" finished-at="2026-02-04T08:09:42 IST" duration-ms="1400" status="PASS">
          <reporter-output>
          </reporter-output>
        </test-method> <!-- verifyUserLoginWithValidUsernameAndInvalidPassword -->
        <test-method is-config="true" signature="browserCloseAndQuit()[pri:0, instance:testscripts.LoginTest@459e9125]" started-at="2026-02-04T08:09:42 IST" name="browserCloseAndQuit" finished-at="2026-02-04T08:09:42 IST" duration-ms="1" status="PASS">
          <reporter-output>
          </reporter-output>
        </test-method> <!-- browserCloseAndQuit -->
      </class> <!-- testscripts.LoginTest -->
    </test> <!-- Default test -->
  </suite> <!-- Default suite -->
</testng-results>
