<?xml version="1.0" encoding="UTF-8"?>
<!-- Generated by org.testng.reporters.JUnitXMLReporter -->
<testsuite ignored="3" hostname="DESKTOP-US8B4S0" failures="0" tests="1" name="Default test" time="5.597" errors="0" timestamp="2026-02-04T08:09:42 IST">
  <testcase classname="testscripts.LoginTest" name="verifyUserLoginWithValidUsernameAndInvalidPassword" time="1.4"/>
  <testcase classname="testscripts.LoginTest" name="verifyUserLoginWithInvalidUsernameAndValidPassword" time="0.0">
    <ignored/>
  </testcase> <!-- verifyUserLoginWithInvalidUsernameAndValidPassword -->
  <testcase classname="testscripts.LoginTest" name="verifyUserLoginWithInvalidCredential" time="0.0">
    <ignored/>
  </testcase> <!-- verifyUserLoginWithInvalidCredential -->
  <testcase classname="testscripts.LoginTest" name="verifyUserLoginWithValidCredentials" time="0.0">
    <ignored/>
  </testcase> <!-- verifyUserLoginWithValidCredentials -->
</testsuite> <!-- Default test -->
